  main.cpp
C:\Pliki\Programowanie\C++\Nauka solo\SFML\RexDodge\SFML template\main.cpp(15,15): warning C4244: "argument": konwersja z "time_t" do "unsigned int", możliwa utrata danych
C:\Pliki\Programowanie\C++\Nauka solo\SFML\RexDodge\SFML template\main.cpp(86,36): warning C4305: "argument": obcięcie z "double" do "float"
C:\Pliki\Programowanie\C++\Nauka solo\SFML\RexDodge\SFML template\main.cpp(86,31): warning C4305: "argument": obcięcie z "double" do "float"
C:\Pliki\Programowanie\C++\Nauka solo\SFML\RexDodge\SFML template\main.cpp(163,43): warning C4244: "argument": konwersja z "int" do "float", możliwa utrata danych
C:\Pliki\Programowanie\C++\Nauka solo\SFML\RexDodge\SFML template\main.cpp(173,102): warning C4244: "argument": konwersja z "int" do "float", możliwa utrata danych
C:\Pliki\Programowanie\C++\Nauka solo\SFML\RexDodge\SFML template\main.cpp(173,41): warning C4244: "argument": konwersja z "int" do "float", możliwa utrata danych
C:\Pliki\Programowanie\C++\Nauka solo\SFML\RexDodge\SFML template\main.cpp(299,73): warning C4244: "argument": konwersja z "T" do "float", możliwa utrata danych
C:\Pliki\Programowanie\C++\Nauka solo\SFML\RexDodge\SFML template\main.cpp(299,73): warning C4244:         with
C:\Pliki\Programowanie\C++\Nauka solo\SFML\RexDodge\SFML template\main.cpp(299,73): warning C4244:         [
C:\Pliki\Programowanie\C++\Nauka solo\SFML\RexDodge\SFML template\main.cpp(299,73): warning C4244:             T=unsigned int
C:\Pliki\Programowanie\C++\Nauka solo\SFML\RexDodge\SFML template\main.cpp(299,73): warning C4244:         ]
C:\Pliki\Programowanie\C++\Nauka solo\SFML\RexDodge\SFML template\main.cpp(299,49): warning C4244: "argument": konwersja z "T" do "float", możliwa utrata danych
C:\Pliki\Programowanie\C++\Nauka solo\SFML\RexDodge\SFML template\main.cpp(299,49): warning C4244:         with
C:\Pliki\Programowanie\C++\Nauka solo\SFML\RexDodge\SFML template\main.cpp(299,49): warning C4244:         [
C:\Pliki\Programowanie\C++\Nauka solo\SFML\RexDodge\SFML template\main.cpp(299,49): warning C4244:             T=unsigned int
C:\Pliki\Programowanie\C++\Nauka solo\SFML\RexDodge\SFML template\main.cpp(299,49): warning C4244:         ]
main.obj : error LNK2019: nierozpoznany symbol zewnętrzny "__declspec(dllimport) public: __cdecl sf::String::String(char const *,class std::locale const &)" (__imp_??0String@sf@@QEAA@PEBDAEBVlocale@std@@@Z) przywołany w funkcji "void __cdecl gameOver(class sf::Sprite &,class sf::RenderWindow &,class sf::Font &,class sf::Texture &)" (?gameOver@@YAXAEAVSprite@sf@@AEAVRenderWindow@2@AEAVFont@2@AEAVTexture@2@@Z)
main.obj : error LNK2019: nierozpoznany symbol zewnętrzny "__declspec(dllimport) public: __cdecl sf::String::String(class std::basic_string<char,struct std::char_traits<char>,class std::allocator<char> > const &,class std::locale const &)" (__imp_??0String@sf@@QEAA@AEBV?$basic_string@DU?$char_traits@D@std@@V?$allocator@D@2@@std@@AEBVlocale@3@@Z) przywołany w funkcji "void __cdecl scoreLabel(int &,class sf::RenderWindow &,class sf::Font &)" (?scoreLabel@@YAXAEAHAEAVRenderWindow@sf@@AEAVFont@2@@Z)
main.obj : error LNK2019: nierozpoznany symbol zewnętrzny "__declspec(dllimport) public: __cdecl sf::String::~String(void)" (__imp_??1String@sf@@QEAA@XZ) przywołany w funkcji "void __cdecl gameOver(class sf::Sprite &,class sf::RenderWindow &,class sf::Font &,class sf::Texture &)" (?gameOver@@YAXAEAVSprite@sf@@AEAVRenderWindow@2@AEAVFont@2@AEAVTexture@2@@Z)
main.obj : error LNK2019: nierozpoznany symbol zewnętrzny "__declspec(dllimport) public: static bool __cdecl sf::Keyboard::isKeyPressed(enum sf::Keyboard::Key)" (__imp_?isKeyPressed@Keyboard@sf@@SA_NW4Key@12@@Z) przywołany w funkcji "void __cdecl rexMove(class sf::Sprite &,class sf::RenderWindow &,class sf::Texture &,class sf::Texture &)" (?rexMove@@YAXAEAVSprite@sf@@AEAVRenderWindow@2@AEAVTexture@2@2@Z)
main.obj : error LNK2019: nierozpoznany symbol zewnętrzny "__declspec(dllimport) public: __cdecl sf::VideoMode::VideoMode(unsigned int,unsigned int,unsigned int)" (__imp_??0VideoMode@sf@@QEAA@III@Z) przywołany w funkcji main
main.obj : error LNK2019: nierozpoznany symbol zewnętrzny "__declspec(dllimport) public: bool __cdecl sf::WindowBase::isOpen(void)const " (__imp_?isOpen@WindowBase@sf@@QEBA_NXZ) przywołany w funkcji main
main.obj : error LNK2019: nierozpoznany symbol zewnętrzny "__declspec(dllimport) public: bool __cdecl sf::WindowBase::pollEvent(class sf::Event &)" (__imp_?pollEvent@WindowBase@sf@@QEAA_NAEAVEvent@2@@Z) przywołany w funkcji main
main.obj : error LNK2019: nierozpoznany symbol zewnętrzny "__declspec(dllimport) public: virtual void __cdecl sf::Window::close(void)" (__imp_?close@Window@sf@@UEAAXXZ) przywołany w funkcji main
main.obj : error LNK2019: nierozpoznany symbol zewnętrzny "__declspec(dllimport) public: void __cdecl sf::Window::setFramerateLimit(unsigned int)" (__imp_?setFramerateLimit@Window@sf@@QEAAXI@Z) przywołany w funkcji main
main.obj : error LNK2019: nierozpoznany symbol zewnętrzny "__declspec(dllimport) public: void __cdecl sf::Window::display(void)" (__imp_?display@Window@sf@@QEAAXXZ) przywołany w funkcji main
main.obj : error LNK2019: nierozpoznany symbol zewnętrzny "__declspec(dllimport) public: void __cdecl sf::Transformable::setPosition(float,float)" (__imp_?setPosition@Transformable@sf@@QEAAXMM@Z) przywołany w funkcji "void __cdecl gameOver(class sf::Sprite &,class sf::RenderWindow &,class sf::Font &,class sf::Texture &)" (?gameOver@@YAXAEAVSprite@sf@@AEAVRenderWindow@2@AEAVFont@2@AEAVTexture@2@@Z)
main.obj : error LNK2019: nierozpoznany symbol zewnętrzny "__declspec(dllimport) public: void __cdecl sf::Transformable::setScale(float,float)" (__imp_?setScale@Transformable@sf@@QEAAXMM@Z) przywołany w funkcji main
main.obj : error LNK2019: nierozpoznany symbol zewnętrzny "__declspec(dllimport) public: void __cdecl sf::Transformable::setScale(class sf::Vector2<float> const &)" (__imp_?setScale@Transformable@sf@@QEAAXAEBV?$Vector2@M@2@@Z) przywołany w funkcji "void __cdecl gameOver(class sf::Sprite &,class sf::RenderWindow &,class sf::Font &,class sf::Texture &)" (?gameOver@@YAXAEAVSprite@sf@@AEAVRenderWindow@2@AEAVFont@2@AEAVTexture@2@@Z)
main.obj : error LNK2019: nierozpoznany symbol zewnętrzny "__declspec(dllimport) public: class sf::Vector2<float> const & __cdecl sf::Transformable::getPosition(void)const " (__imp_?getPosition@Transformable@sf@@QEBAAEBV?$Vector2@M@2@XZ) przywołany w funkcji "void __cdecl rexMove(class sf::Sprite &,class sf::RenderWindow &,class sf::Texture &,class sf::Texture &)" (?rexMove@@YAXAEAVSprite@sf@@AEAVRenderWindow@2@AEAVTexture@2@2@Z)
main.obj : error LNK2019: nierozpoznany symbol zewnętrzny "__declspec(dllimport) public: void __cdecl sf::Transformable::move(float,float)" (__imp_?move@Transformable@sf@@QEAAXMM@Z) przywołany w funkcji "void __cdecl rexMove(class sf::Sprite &,class sf::RenderWindow &,class sf::Texture &,class sf::Texture &)" (?rexMove@@YAXAEAVSprite@sf@@AEAVRenderWindow@2@AEAVTexture@2@2@Z)
main.obj : error LNK2019: nierozpoznany symbol zewnętrzny "__declspec(dllimport) public: __cdecl sf::Color::Color(unsigned char,unsigned char,unsigned char,unsigned char)" (__imp_??0Color@sf@@QEAA@EEEE@Z) przywołany w funkcji main
main.obj : error LNK2019: nierozpoznany symbol zewnętrzny "__declspec(dllimport) public: void __cdecl sf::Shape::setFillColor(class sf::Color const &)" (__imp_?setFillColor@Shape@sf@@QEAAXAEBVColor@2@@Z) przywołany w funkcji main
main.obj : error LNK2019: nierozpoznany symbol zewnętrzny "__declspec(dllimport) public: __cdecl sf::Texture::Texture(void)" (__imp_??0Texture@sf@@QEAA@XZ) przywołany w funkcji main
main.obj : error LNK2019: nierozpoznany symbol zewnętrzny "__declspec(dllimport) public: __cdecl sf::Texture::~Texture(void)" (__imp_??1Texture@sf@@QEAA@XZ) przywołany w funkcji main
main.obj : error LNK2019: nierozpoznany symbol zewnętrzny "__declspec(dllimport) public: bool __cdecl sf::Texture::loadFromFile(class std::basic_string<char,struct std::char_traits<char>,class std::allocator<char> > const &,class sf::Rect<int> const &)" (__imp_?loadFromFile@Texture@sf@@QEAA_NAEBV?$basic_string@DU?$char_traits@D@std@@V?$allocator@D@2@@std@@AEBV?$Rect@H@2@@Z) przywołany w funkcji main
main.obj : error LNK2019: nierozpoznany symbol zewnętrzny "__declspec(dllimport) public: __cdecl sf::Font::Font(void)" (__imp_??0Font@sf@@QEAA@XZ) przywołany w funkcji main
main.obj : error LNK2019: nierozpoznany symbol zewnętrzny "__declspec(dllimport) public: __cdecl sf::Font::~Font(void)" (__imp_??1Font@sf@@QEAA@XZ) przywołany w funkcji main
main.obj : error LNK2019: nierozpoznany symbol zewnętrzny "__declspec(dllimport) public: bool __cdecl sf::Font::loadFromFile(class std::basic_string<char,struct std::char_traits<char>,class std::allocator<char> > const &)" (__imp_?loadFromFile@Font@sf@@QEAA_NAEBV?$basic_string@DU?$char_traits@D@std@@V?$allocator@D@2@@std@@@Z) przywołany w funkcji main
main.obj : error LNK2019: nierozpoznany symbol zewnętrzny "__declspec(dllimport) public: __cdecl sf::RectangleShape::RectangleShape(class sf::Vector2<float> const &)" (__imp_??0RectangleShape@sf@@QEAA@AEBV?$Vector2@M@1@@Z) przywołany w funkcji main
main.obj : error LNK2019: nierozpoznany symbol zewnętrzny "__declspec(dllimport) public: void __cdecl sf::RectangleShape::setSize(class sf::Vector2<float> const &)" (__imp_?setSize@RectangleShape@sf@@QEAAXAEBV?$Vector2@M@2@@Z) przywołany w funkcji main
main.obj : error LNK2019: nierozpoznany symbol zewnętrzny "__declspec(dllimport) public: virtual __cdecl sf::RectangleShape::~RectangleShape(void)" (__imp_??1RectangleShape@sf@@UEAA@XZ) przywołany w funkcji main
main.obj : error LNK2019: nierozpoznany symbol zewnętrzny "__declspec(dllimport) public: void __cdecl sf::RenderTarget::clear(class sf::Color const &)" (__imp_?clear@RenderTarget@sf@@QEAAXAEBVColor@2@@Z) przywołany w funkcji main
main.obj : error LNK2019: nierozpoznany symbol zewnętrzny "__declspec(dllimport) public: void __cdecl sf::RenderTarget::draw(class sf::Drawable const &,class sf::RenderStates const &)" (__imp_?draw@RenderTarget@sf@@QEAAXAEBVDrawable@2@AEBVRenderStates@2@@Z) przywołany w funkcji "void __cdecl gameOver(class sf::Sprite &,class sf::RenderWindow &,class sf::Font &,class sf::Texture &)" (?gameOver@@YAXAEAVSprite@sf@@AEAVRenderWindow@2@AEAVFont@2@AEAVTexture@2@@Z)
main.obj : error LNK2019: nierozpoznany symbol zewnętrzny "__declspec(dllimport) public: __cdecl sf::RenderWindow::RenderWindow(class sf::VideoMode,class sf::String const &,unsigned int,struct sf::ContextSettings const &)" (__imp_??0RenderWindow@sf@@QEAA@VVideoMode@1@AEBVString@1@IAEBUContextSettings@1@@Z) przywołany w funkcji main
main.obj : error LNK2019: nierozpoznany symbol zewnętrzny "__declspec(dllimport) public: virtual __cdecl sf::RenderWindow::~RenderWindow(void)" (__imp_??1RenderWindow@sf@@UEAA@XZ) przywołany w funkcji main
main.obj : error LNK2019: nierozpoznany symbol zewnętrzny "__declspec(dllimport) public: virtual class sf::Vector2<unsigned int> __cdecl sf::RenderWindow::getSize(void)const " (__imp_?getSize@RenderWindow@sf@@UEBA?AV?$Vector2@I@2@XZ) przywołany w funkcji main
main.obj : error LNK2019: nierozpoznany symbol zewnętrzny "__declspec(dllimport) public: __cdecl sf::Sprite::Sprite(void)" (__imp_??0Sprite@sf@@QEAA@XZ) przywołany w funkcji main
main.obj : error LNK2019: nierozpoznany symbol zewnętrzny "__declspec(dllimport) public: void __cdecl sf::Sprite::setTexture(class sf::Texture const &,bool)" (__imp_?setTexture@Sprite@sf@@QEAAXAEBVTexture@2@_N@Z) przywołany w funkcji "void __cdecl gameOver(class sf::Sprite &,class sf::RenderWindow &,class sf::Font &,class sf::Texture &)" (?gameOver@@YAXAEAVSprite@sf@@AEAVRenderWindow@2@AEAVFont@2@AEAVTexture@2@@Z)
main.obj : error LNK2019: nierozpoznany symbol zewnętrzny "__declspec(dllimport) public: class sf::Rect<float> __cdecl sf::Sprite::getGlobalBounds(void)const " (__imp_?getGlobalBounds@Sprite@sf@@QEBA?AV?$Rect@M@2@XZ) przywołany w funkcji "void __cdecl rexMove(class sf::Sprite &,class sf::RenderWindow &,class sf::Texture &,class sf::Texture &)" (?rexMove@@YAXAEAVSprite@sf@@AEAVRenderWindow@2@AEAVTexture@2@2@Z)
main.obj : error LNK2019: nierozpoznany symbol zewnętrzny "__declspec(dllimport) public: virtual __cdecl sf::Sprite::~Sprite(void)" (__imp_??1Sprite@sf@@UEAA@XZ) przywołany w funkcji "public: virtual void * __cdecl sf::Sprite::`scalar deleting destructor'(unsigned int)" (??_GSprite@sf@@UEAAPEAXI@Z)
main.obj : error LNK2019: nierozpoznany symbol zewnętrzny "__declspec(dllimport) public: __cdecl sf::Sprite::Sprite(class sf::Sprite const &)" (__imp_??0Sprite@sf@@QEAA@AEBV01@@Z) przywołany w funkcji main
main.obj : error LNK2019: nierozpoznany symbol zewnętrzny "__declspec(dllimport) public: __cdecl sf::Sprite::Sprite(class sf::Sprite &&)" (__imp_??0Sprite@sf@@QEAA@$$QEAV01@@Z) przywołany w funkcji "void __cdecl std::_Construct_in_place<class sf::Sprite,class sf::Sprite>(class sf::Sprite &,class sf::Sprite &&)" (??$_Construct_in_place@VSprite@sf@@V12@@std@@YAXAEAVSprite@sf@@$$QEAV12@@Z)
main.obj : error LNK2019: nierozpoznany symbol zewnętrzny "__declspec(dllimport) public: class sf::Sprite & __cdecl sf::Sprite::operator=(class sf::Sprite &&)" (__imp_??4Sprite@sf@@QEAAAEAV01@$$QEAV01@@Z) przywołany w funkcji "class sf::Sprite * __cdecl std::_Move_unchecked<class sf::Sprite *,class sf::Sprite *>(class sf::Sprite *,class sf::Sprite *,class sf::Sprite *)" (??$_Move_unchecked@PEAVSprite@sf@@PEAV12@@std@@YAPEAVSprite@sf@@PEAV12@00@Z)
main.obj : error LNK2019: nierozpoznany symbol zewnętrzny "__declspec(dllimport) public: __cdecl sf::Text::Text(void)" (__imp_??0Text@sf@@QEAA@XZ) przywołany w funkcji "void __cdecl gameOver(class sf::Sprite &,class sf::RenderWindow &,class sf::Font &,class sf::Texture &)" (?gameOver@@YAXAEAVSprite@sf@@AEAVRenderWindow@2@AEAVFont@2@AEAVTexture@2@@Z)
main.obj : error LNK2019: nierozpoznany symbol zewnętrzny "__declspec(dllimport) public: void __cdecl sf::Text::setString(class sf::String const &)" (__imp_?setString@Text@sf@@QEAAXAEBVString@2@@Z) przywołany w funkcji "void __cdecl gameOver(class sf::Sprite &,class sf::RenderWindow &,class sf::Font &,class sf::Texture &)" (?gameOver@@YAXAEAVSprite@sf@@AEAVRenderWindow@2@AEAVFont@2@AEAVTexture@2@@Z)
main.obj : error LNK2019: nierozpoznany symbol zewnętrzny "__declspec(dllimport) public: void __cdecl sf::Text::setFont(class sf::Font const &)" (__imp_?setFont@Text@sf@@QEAAXAEBVFont@2@@Z) przywołany w funkcji "void __cdecl gameOver(class sf::Sprite &,class sf::RenderWindow &,class sf::Font &,class sf::Texture &)" (?gameOver@@YAXAEAVSprite@sf@@AEAVRenderWindow@2@AEAVFont@2@AEAVTexture@2@@Z)
main.obj : error LNK2019: nierozpoznany symbol zewnętrzny "__declspec(dllimport) public: void __cdecl sf::Text::setCharacterSize(unsigned int)" (__imp_?setCharacterSize@Text@sf@@QEAAXI@Z) przywołany w funkcji "void __cdecl gameOver(class sf::Sprite &,class sf::RenderWindow &,class sf::Font &,class sf::Texture &)" (?gameOver@@YAXAEAVSprite@sf@@AEAVRenderWindow@2@AEAVFont@2@AEAVTexture@2@@Z)
main.obj : error LNK2019: nierozpoznany symbol zewnętrzny "__declspec(dllimport) public: void __cdecl sf::Text::setFillColor(class sf::Color const &)" (__imp_?setFillColor@Text@sf@@QEAAXAEBVColor@2@@Z) przywołany w funkcji "void __cdecl gameOver(class sf::Sprite &,class sf::RenderWindow &,class sf::Font &,class sf::Texture &)" (?gameOver@@YAXAEAVSprite@sf@@AEAVRenderWindow@2@AEAVFont@2@AEAVTexture@2@@Z)
main.obj : error LNK2019: nierozpoznany symbol zewnętrzny "__declspec(dllimport) public: void __cdecl sf::Text::setOutlineColor(class sf::Color const &)" (__imp_?setOutlineColor@Text@sf@@QEAAXAEBVColor@2@@Z) przywołany w funkcji "void __cdecl gameOver(class sf::Sprite &,class sf::RenderWindow &,class sf::Font &,class sf::Texture &)" (?gameOver@@YAXAEAVSprite@sf@@AEAVRenderWindow@2@AEAVFont@2@AEAVTexture@2@@Z)
main.obj : error LNK2019: nierozpoznany symbol zewnętrzny "__declspec(dllimport) public: void __cdecl sf::Text::setOutlineThickness(float)" (__imp_?setOutlineThickness@Text@sf@@QEAAXM@Z) przywołany w funkcji "void __cdecl gameOver(class sf::Sprite &,class sf::RenderWindow &,class sf::Font &,class sf::Texture &)" (?gameOver@@YAXAEAVSprite@sf@@AEAVRenderWindow@2@AEAVFont@2@AEAVTexture@2@@Z)
main.obj : error LNK2019: nierozpoznany symbol zewnętrzny "__declspec(dllimport) public: virtual __cdecl sf::Text::~Text(void)" (__imp_??1Text@sf@@UEAA@XZ) przywołany w funkcji "void __cdecl gameOver(class sf::Sprite &,class sf::RenderWindow &,class sf::Font &,class sf::Texture &)" (?gameOver@@YAXAEAVSprite@sf@@AEAVRenderWindow@2@AEAVFont@2@AEAVTexture@2@@Z)
main.obj : error LNK2001: nierozpoznany symbol zewnętrzny "private: virtual void __cdecl sf::Sprite::draw(class sf::RenderTarget &,class sf::RenderStates)const " (?draw@Sprite@sf@@EEBAXAEAVRenderTarget@2@VRenderStates@2@@Z)
main.obj : error LNK2019: nierozpoznany symbol zewnętrzny "__declspec(dllimport) public: static class sf::RenderStates const sf::RenderStates::Default" (__imp_?Default@RenderStates@sf@@2V12@B) przywołany w funkcji "void __cdecl gameOver(class sf::Sprite &,class sf::RenderWindow &,class sf::Font &,class sf::Texture &)" (?gameOver@@YAXAEAVSprite@sf@@AEAVRenderWindow@2@AEAVFont@2@AEAVTexture@2@@Z)
main.obj : error LNK2019: nierozpoznany symbol zewnętrzny "__declspec(dllimport) public: static class sf::Color const sf::Color::Black" (__imp_?Black@Color@sf@@2V12@B) przywołany w funkcji "void __cdecl gameOver(class sf::Sprite &,class sf::RenderWindow &,class sf::Font &,class sf::Texture &)" (?gameOver@@YAXAEAVSprite@sf@@AEAVRenderWindow@2@AEAVFont@2@AEAVTexture@2@@Z)
main.obj : error LNK2019: nierozpoznany symbol zewnętrzny "__declspec(dllimport) public: static class sf::Color const sf::Color::White" (__imp_?White@Color@sf@@2V12@B) przywołany w funkcji "void __cdecl gameOver(class sf::Sprite &,class sf::RenderWindow &,class sf::Font &,class sf::Texture &)" (?gameOver@@YAXAEAVSprite@sf@@AEAVRenderWindow@2@AEAVFont@2@AEAVTexture@2@@Z)
main.obj : error LNK2019: nierozpoznany symbol zewnętrzny "__declspec(dllimport) public: static class sf::Color const sf::Color::Red" (__imp_?Red@Color@sf@@2V12@B) przywołany w funkcji main
C:\SFML-2.6.1\lib\sfml-graphics-d.lib : warning LNK4272: wystąpił konflikt typu maszyny biblioteki „x86” z typem maszyny docelowej „x64”
C:\SFML-2.6.1\lib\sfml-window-d.lib : warning LNK4272: wystąpił konflikt typu maszyny biblioteki „x86” z typem maszyny docelowej „x64”
C:\SFML-2.6.1\lib\sfml-audio-d.lib : warning LNK4272: wystąpił konflikt typu maszyny biblioteki „x86” z typem maszyny docelowej „x64”
C:\SFML-2.6.1\lib\sfml-network-d.lib : warning LNK4272: wystąpił konflikt typu maszyny biblioteki „x86” z typem maszyny docelowej „x64”
C:\SFML-2.6.1\lib\sfml-system-d.lib : warning LNK4272: wystąpił konflikt typu maszyny biblioteki „x86” z typem maszyny docelowej „x64”
C:\Pliki\Programowanie\C++\Nauka solo\SFML\RexDodge\x64\Debug\SFML template.exe : fatal error LNK1120: liczba nierozpoznanych elementów zewnętrznych: 51
